<?xml version="1.0" encoding="UTF-8"?>
<!-- Generated by org.testng.reporters.JUnitXMLReporter -->
<testsuite ignored="16" hostname="MYOWNDELL" failures="0" tests="40" name="Demo Web Shop Tests" time="87.821" errors="0" timestamp="2026-09-16T15:46:17 IST">
  <testcase classname="com.tricentiswebshop.tests.Tricentis_RegisterTest" name="registerPageTest" time="1.012"/>
  <testcase classname="com.tricentiswebshop.tests.Tricentis_RegisterTest" name="registrationTest" time="5.081"/>
  <testcase classname="com.tricentiswebshop.tests.Tricentis_RegisterTest" name="logout" time="2.969"/>
  <testcase classname="com.tricentiswebshop.tests.Tricentis_HomeTest" name="verifyHomePageHeading" time="0.063"/>
  <testcase classname="com.tricentiswebshop.tests.Tricentis_HomeTest" name="verifyHomePage" time="0.351"/>
  <testcase classname="com.tricentiswebshop.tests.Tricentis_HomeTest" name="clickLoginLink" time="4.431"/>
  <testcase classname="com.tricentiswebshop.utilities.Tricentis_DataDriven" name="loginTest" time="2.048"/>
  <testcase classname="com.tricentiswebshop.utilities.Tricentis_DataDriven" name="loginTest" time="1.505"/>
  <testcase classname="com.tricentiswebshop.utilities.Tricentis_DataDriven" name="loginTest" time="1.544"/>
  <testcase classname="com.tricentiswebshop.tests.Tricentis_LoginTest" name="validLoginTest" time="1.212"/>
  <testcase classname="com.tricentiswebshop.tests.Tricentis_ProductTest" name="verifyBooksCategoryTest" time="1.781"/>
  <testcase classname="com.tricentiswebshop.tests.Tricentis_ProductTest" name="verifyJewelryCategoryTest" time="0.946"/>
  <testcase classname="com.tricentiswebshop.tests.Tricentis_ProductTest" name="verifyProductListTest" time="0.794"/>
  <testcase classname="com.tricentiswebshop.tests.Tricentis_ProductTest" name="sortProductNameAToZTest" time="0.931"/>
  <testcase classname="com.tricentiswebshop.tests.Tricentis_ProductTest" name="sortProductNameZToATest" time="0.864"/>
  <testcase classname="com.tricentiswebshop.tests.Tricentis_ProductTest" name="sortPriceLowToHighTest" time="1.01"/>
  <testcase classname="com.tricentiswebshop.tests.Tricentis_ProductTest" name="sortPriceHighToLowTest" time="1.371"/>
  <testcase classname="com.tricentiswebshop.tests.Tricentis_ProductTest" name="verifyDisplayPerPageTest" time="1.734"/>
  <testcase classname="com.tricentiswebshop.tests.Tricentis_ProductTest" name="searchProductTest" time="4.503"/>
  <testcase classname="com.tricentiswebshop.tests.Tricentis_ProductTest" name="invalidSearchTest" time="2.763"/>
  <testcase classname="com.tricentiswebshop.tests.Tricentis_ProductTest" name="verifyProductDetailsTest" time="3.432"/>
  <testcase classname="com.tricentiswebshop.tests.Tricentis_ProductDetailsTest" name="verifyProductDetailsTest" time="2.757"/>
  <testcase classname="com.tricentiswebshop.tests.Tricentis_ProductDetailsTest" name="addProductToCartTest" time="8.726"/>
  <testcase classname="com.tricentiswebshop.tests.Tricentis_CartTest" name="verifyCartPageTest" time="1.81"/>
  <testcase classname="com.tricentiswebshop.tests.Tricentis_CartTest" name="verifyAddedProductTest" time="1.006"/>
  <testcase classname="com.tricentiswebshop.tests.Tricentis_CartTest" name="changeProductQuantityTest" time="2.21"/>
  <testcase classname="com.tricentiswebshop.tests.Tricentis_CartTest" name="verifyOrderTotalTest" time="1.211"/>
  <testcase classname="com.tricentiswebshop.tests.Tricentis_CartTest" name="removeProductTest" time="4.247"/>
  <testcase classname="com.tricentiswebshop.tests.Tricentis_CartTest" name="continueShoppingAndAddProductTest" time="3.388"/>
  <testcase classname="com.tricentiswebshop.tests.Tricentis_CheckoutTest" name="verifyCheckoutPageTest" time="2.803"/>
  <testcase classname="com.tricentiswebshop.tests.Tricentis_CheckoutTest" name="verifyExistingBillingAddressTest" time="0.303"/>
  <testcase classname="com.tricentiswebshop.tests.Tricentis_CheckoutTest" name="verifyShippingAddressMethodTest" time="1.464"/>
  <testcase classname="com.tricentiswebshop.tests.Tricentis_CheckoutTest" name="verifyfixedShippingAddressTest" time="5.009"/>
  <testcase classname="com.tricentiswebshop.tests.Tricentis_CheckoutTest" name="verifyConfirmOrderTest" time="1.772"/>
  <testcase classname="com.tricentiswebshop.tests.Tricentis_CheckoutTest" name="verifyOrderCompletedTest" time="1.505"/>
  <testcase classname="com.tricentiswebshop.tests.Tricentis_OrderCompletedTest" name="verifyOrderCompletedTest" time="0.032"/>
  <testcase classname="com.tricentiswebshop.tests.Tricentis_OrderCompletedTest" name="verifyOrderNumber" time="0.038"/>
  <testcase classname="com.tricentiswebshop.tests.Tricentis_OrderCompletedTest" name="verifyOrderDetailLink" time="0.045"/>
  <testcase classname="com.tricentiswebshop.tests.Tricentis_OrderCompletedTest" name="continueHomepage" time="0.033"/>
  <testcase classname="com.tricentiswebshop.tests.Tricentis_OrderCompletedTest" name="clickInvoice" time="0.837"/>
  <testcase classname="com.trcentiswebshop.base.Tricentis_BaseClass" name="@BeforeTest baseclass" time="0.0">
    <ignored/>
  </testcase> <!-- @BeforeTest baseclass -->
  <testcase classname="com.trcentiswebshop.base.Tricentis_BaseClass" name="@BeforeTest baseclass" time="0.0">
    <ignored/>
  </testcase> <!-- @BeforeTest baseclass -->
  <testcase classname="com.trcentiswebshop.base.Tricentis_BaseClass" name="@AfterTest teardown" time="0.0">
    <ignored/>
  </testcase> <!-- @AfterTest teardown -->
  <testcase classname="com.trcentiswebshop.base.Tricentis_BaseClass" name="@AfterTest teardown" time="0.0">
    <ignored/>
  </testcase> <!-- @AfterTest teardown -->
  <testcase classname="com.trcentiswebshop.base.Tricentis_BaseClass" name="@BeforeTest baseclass" time="0.0">
    <ignored/>
  </testcase> <!-- @BeforeTest baseclass -->
  <testcase classname="com.trcentiswebshop.base.Tricentis_BaseClass" name="@AfterTest teardown" time="0.0">
    <ignored/>
  </testcase> <!-- @AfterTest teardown -->
  <testcase classname="com.trcentiswebshop.base.Tricentis_BaseClass" name="@AfterTest teardown" time="0.0">
    <ignored/>
  </testcase> <!-- @AfterTest teardown -->
  <testcase classname="com.trcentiswebshop.base.Tricentis_BaseClass" name="@BeforeTest baseclass" time="0.0">
    <ignored/>
  </testcase> <!-- @BeforeTest baseclass -->
  <testcase classname="com.trcentiswebshop.base.Tricentis_BaseClass" name="@AfterTest teardown" time="0.0">
    <ignored/>
  </testcase> <!-- @AfterTest teardown -->
  <testcase classname="com.trcentiswebshop.base.Tricentis_BaseClass" name="@BeforeTest baseclass" time="0.0">
    <ignored/>
  </testcase> <!-- @BeforeTest baseclass -->
  <testcase classname="com.trcentiswebshop.base.Tricentis_BaseClass" name="@AfterTest teardown" time="0.0">
    <ignored/>
  </testcase> <!-- @AfterTest teardown -->
  <testcase classname="com.trcentiswebshop.base.Tricentis_BaseClass" name="@AfterTest teardown" time="0.0">
    <ignored/>
  </testcase> <!-- @AfterTest teardown -->
  <testcase classname="com.trcentiswebshop.base.Tricentis_BaseClass" name="@BeforeTest baseclass" time="0.0">
    <ignored/>
  </testcase> <!-- @BeforeTest baseclass -->
  <testcase classname="com.trcentiswebshop.base.Tricentis_BaseClass" name="@BeforeTest baseclass" time="0.0">
    <ignored/>
  </testcase> <!-- @BeforeTest baseclass -->
  <testcase classname="com.trcentiswebshop.base.Tricentis_BaseClass" name="@AfterTest teardown" time="0.0">
    <ignored/>
  </testcase> <!-- @AfterTest teardown -->
  <testcase classname="com.trcentiswebshop.base.Tricentis_BaseClass" name="@BeforeTest baseclass" time="0.0">
    <ignored/>
  </testcase> <!-- @BeforeTest baseclass -->
</testsuite> <!-- Demo Web Shop Tests -->
