<?xml version="1.0" encoding="UTF-8"?>
<!-- Generated by org.testng.reporters.JUnitReportReporter -->
<testsuite hostname="MYOWNDELL" failures="0" tests="3" name="com.tricentiswebshop.tests.Tricentis_HomeTest" time="4.879" errors="0" timestamp="2026-09-16T15:46:17 IST" skipped="0">
  <testcase classname="com.tricentiswebshop.tests.Tricentis_HomeTest" name="verifyHomePageHeading" time="0.072"/>
  <testcase classname="com.tricentiswebshop.tests.Tricentis_HomeTest" name="verifyHomePage" time="0.359"/>
  <testcase classname="com.tricentiswebshop.tests.Tricentis_HomeTest" name="clickLoginLink" time="4.448"/>
</testsuite> <!-- com.tricentiswebshop.tests.Tricentis_HomeTest -->
