<?xml version="1.0" encoding="UTF-8"?>
<!-- Generated by org.testng.reporters.JUnitReportReporter -->
<testsuite hostname="MYOWNDELL" failures="0" tests="2" name="com.tricentiswebshop.tests.Tricentis_ProductDetailsTest" time="11.487" errors="0" timestamp="2026-09-16T15:46:17 IST" skipped="0">
  <testcase classname="com.tricentiswebshop.tests.Tricentis_ProductDetailsTest" name="verifyProductDetailsTest" time="2.759"/>
  <testcase classname="com.tricentiswebshop.tests.Tricentis_ProductDetailsTest" name="addProductToCartTest" time="8.728"/>
</testsuite> <!-- com.tricentiswebshop.tests.Tricentis_ProductDetailsTest -->
