<?xml version="1.0" encoding="UTF-8"?>
<!-- Generated by org.testng.reporters.JUnitReportReporter -->
<testsuite hostname="MYOWNDELL" failures="0" tests="6" name="com.tricentiswebshop.tests.Tricentis_CheckoutTest" time="12.879" errors="0" timestamp="2026-09-16T15:46:17 IST" skipped="0">
  <testcase classname="com.tricentiswebshop.tests.Tricentis_CheckoutTest" name="verifyCheckoutPageTest" time="2.805"/>
  <testcase classname="com.tricentiswebshop.tests.Tricentis_CheckoutTest" name="verifyExistingBillingAddressTest" time="0.308"/>
  <testcase classname="com.tricentiswebshop.tests.Tricentis_CheckoutTest" name="verifyShippingAddressMethodTest" time="1.470"/>
  <testcase classname="com.tricentiswebshop.tests.Tricentis_CheckoutTest" name="verifyfixedShippingAddressTest" time="5.014"/>
  <testcase classname="com.tricentiswebshop.tests.Tricentis_CheckoutTest" name="verifyConfirmOrderTest" time="1.776"/>
  <testcase classname="com.tricentiswebshop.tests.Tricentis_CheckoutTest" name="verifyOrderCompletedTest" time="1.506"/>
</testsuite> <!-- com.tricentiswebshop.tests.Tricentis_CheckoutTest -->
