<?xml version="1.0" encoding="UTF-8"?>
<!-- Generated by org.testng.reporters.JUnitReportReporter -->
<testsuite hostname="MYOWNDELL" failures="0" tests="6" name="com.tricentiswebshop.tests.Tricentis_CartTest" time="13.885" errors="0" timestamp="2026-09-16T15:46:17 IST" skipped="0">
  <testcase classname="com.tricentiswebshop.tests.Tricentis_CartTest" name="verifyCartPageTest" time="1.812"/>
  <testcase classname="com.tricentiswebshop.tests.Tricentis_CartTest" name="verifyAddedProductTest" time="1.007"/>
  <testcase classname="com.tricentiswebshop.tests.Tricentis_CartTest" name="changeProductQuantityTest" time="2.213"/>
  <testcase classname="com.tricentiswebshop.tests.Tricentis_CartTest" name="verifyOrderTotalTest" time="1.215"/>
  <testcase classname="com.tricentiswebshop.tests.Tricentis_CartTest" name="removeProductTest" time="4.249"/>
  <testcase classname="com.tricentiswebshop.tests.Tricentis_CartTest" name="continueShoppingAndAddProductTest" time="3.389"/>
</testsuite> <!-- com.tricentiswebshop.tests.Tricentis_CartTest -->
