<?xml version="1.0" encoding="UTF-8"?>
<!-- Generated by org.testng.reporters.JUnitReportReporter -->
<testsuite hostname="MYOWNDELL" failures="0" tests="5" name="com.tricentiswebshop.tests.Tricentis_OrderCompletedTest" time="0.995" errors="0" timestamp="2026-09-16T15:46:17 IST" skipped="0">
  <testcase classname="com.tricentiswebshop.tests.Tricentis_OrderCompletedTest" name="verifyOrderCompletedTest" time="0.034"/>
  <testcase classname="com.tricentiswebshop.tests.Tricentis_OrderCompletedTest" name="verifyOrderNumber" time="0.040"/>
  <testcase classname="com.tricentiswebshop.tests.Tricentis_OrderCompletedTest" name="verifyOrderDetailLink" time="0.047"/>
  <testcase classname="com.tricentiswebshop.tests.Tricentis_OrderCompletedTest" name="continueHomepage" time="0.034"/>
  <testcase classname="com.tricentiswebshop.tests.Tricentis_OrderCompletedTest" name="clickInvoice" time="0.840"/>
</testsuite> <!-- com.tricentiswebshop.tests.Tricentis_OrderCompletedTest -->
