<?xml version="1.0" encoding="UTF-8"?>
<!-- Generated by org.testng.reporters.JUnitReportReporter -->
<testsuite hostname="MYOWNDELL" failures="0" tests="11" name="com.tricentiswebshop.tests.Tricentis_ProductTest" time="20.182" errors="0" timestamp="2026-09-16T15:46:17 IST" skipped="0">
  <testcase classname="com.tricentiswebshop.tests.Tricentis_ProductTest" name="verifyBooksCategoryTest" time="1.794"/>
  <testcase classname="com.tricentiswebshop.tests.Tricentis_ProductTest" name="verifyJewelryCategoryTest" time="0.948"/>
  <testcase classname="com.tricentiswebshop.tests.Tricentis_ProductTest" name="verifyProductListTest" time="0.799"/>
  <testcase classname="com.tricentiswebshop.tests.Tricentis_ProductTest" name="sortProductNameAToZTest" time="0.936"/>
  <testcase classname="com.tricentiswebshop.tests.Tricentis_ProductTest" name="sortProductNameZToATest" time="0.866"/>
  <testcase classname="com.tricentiswebshop.tests.Tricentis_ProductTest" name="sortPriceLowToHighTest" time="1.013"/>
  <testcase classname="com.tricentiswebshop.tests.Tricentis_ProductTest" name="sortPriceHighToLowTest" time="1.376"/>
  <testcase classname="com.tricentiswebshop.tests.Tricentis_ProductTest" name="verifyDisplayPerPageTest" time="1.738"/>
  <testcase classname="com.tricentiswebshop.tests.Tricentis_ProductTest" name="searchProductTest" time="4.508"/>
  <testcase classname="com.tricentiswebshop.tests.Tricentis_ProductTest" name="invalidSearchTest" time="2.768"/>
  <testcase classname="com.tricentiswebshop.tests.Tricentis_ProductTest" name="verifyProductDetailsTest" time="3.436"/>
</testsuite> <!-- com.tricentiswebshop.tests.Tricentis_ProductTest -->
