<?xml version="1.0" encoding="UTF-8"?>
<!-- Generated by org.testng.reporters.JUnitReportReporter -->
<testsuite hostname="MYOWNDELL" failures="0" tests="3" name="com.tricentiswebshop.utilities.Tricentis_DataDriven" time="5.124" errors="0" timestamp="2026-09-16T15:46:17 IST" skipped="0">
  <testcase classname="com.tricentiswebshop.utilities.Tricentis_DataDriven" name="loginTest" time="1.555"/>
  <testcase classname="com.tricentiswebshop.utilities.Tricentis_DataDriven" name="loginTest" time="1.513"/>
  <testcase classname="com.tricentiswebshop.utilities.Tricentis_DataDriven" name="loginTest" time="2.056"/>
</testsuite> <!-- com.tricentiswebshop.utilities.Tricentis_DataDriven -->
