<?xml version="1.0" encoding="UTF-8"?>
<!-- Generated by org.testng.reporters.JUnitReportReporter -->
<testsuite hostname="MYOWNDELL" failures="0" tests="3" name="com.tricentiswebshop.tests.Tricentis_RegisterTest" time="9.246" errors="0" timestamp="2026-09-16T15:46:17 IST" skipped="0">
  <testcase classname="com.tricentiswebshop.tests.Tricentis_RegisterTest" name="registerPageTest" time="1.035"/>
  <testcase classname="com.tricentiswebshop.tests.Tricentis_RegisterTest" name="registrationTest" time="5.235"/>
  <testcase classname="com.tricentiswebshop.tests.Tricentis_RegisterTest" name="logout" time="2.976"/>
</testsuite> <!-- com.tricentiswebshop.tests.Tricentis_RegisterTest -->
